2025-07-02 13:35:01 | INFO     | Начинаем восстановление из архива main_dir\backups\backup_20250702.zip.
2025-07-02 13:35:01 | INFO     | Контрольная сумма файла processed\file_info.json совпадает.
2025-07-02 13:35:01 | INFO     | Контрольная сумма файла processed\file_iso.txt_processed.txt совпадает.
2025-07-02 13:35:01 | INFO     | Контрольная сумма файла processed\file_utf8.txt_processed.txt совпадает.
2025-07-02 13:35:01 | INFO     | Контрольная сумма файла processed\processed_file_iso.txt совпадает.
2025-07-02 13:35:01 | INFO     | Контрольная сумма файла processed\processed_file_utf8.txt совпадает.
2025-07-02 13:35:01 | INFO     | Контрольная сумма файла raw\file_iso.txt совпадает.
2025-07-02 13:35:01 | INFO     | Контрольная сумма файла raw\file_utf8.txt совпадает.
2025-07-02 13:35:01 | INFO     | Завершили восстановление данных.
2025-07-02 14:17:44 | INFO     | Начинаем восстановление из архива main_dir\backups\backup_20250702.zip.
2025-07-02 14:17:44 | INFO     | Контрольная сумма файла processed\file_iso.txt_processed.txt совпадает.
2025-07-02 14:17:44 | INFO     | Контрольная сумма файла processed\file_utf8.txt_processed.txt совпадает.
2025-07-02 14:17:44 | INFO     | Контрольная сумма файла raw\file_iso.txt совпадает.
2025-07-02 14:17:44 | INFO     | Контрольная сумма файла raw\file_utf8.txt совпадает.
2025-07-02 14:17:44 | INFO     | Завершили восстановление данных.
2025-07-02 14:25:40 | INFO     | Начинаем восстановление из архива main_dir\backups\backup_20250702.zip.
2025-07-02 14:25:40 | INFO     | Контрольная сумма файла processed\file_iso_processed.txt совпадает.
2025-07-02 14:25:40 | INFO     | Контрольная сумма файла processed\file_utf8_processed.txt совпадает.
2025-07-02 14:25:40 | INFO     | Контрольная сумма файла raw\file_iso.txt совпадает.
2025-07-02 14:25:40 | INFO     | Контрольная сумма файла raw\file_utf8.txt совпадает.
2025-07-02 14:25:40 | INFO     | Завершили восстановление данных.
